app/build/intermediates/manifest_merge_blame_file/debug/manifest-merger-blame-debug-report.txt
1<?xml version="1.0" encoding="utf-8"?>
2<manifest xmlns:android="http://schemas.android.com/apk/res/android"
3    package="com.example.myapplication"
4    android:versionCode="1"
5    android:versionName="1.0" >
6
7    <uses-sdk
8        android:minSdkVersion="21"
8-->src\main\AndroidManifest.xml
9        android:targetSdkVersion="31" />
9-->src\main\AndroidManifest.xml
10
11    <uses-permission android:name="android.permission.INTERNET" />
11-->src\main\AndroidManifest.xml:4:1-62
11-->src\main\AndroidManifest.xml:4:18-60
12    <uses-permission android:name="android.permission.USE_BIOMETRIC" /> <!-- suppress DeprecatedClassUsageInspection -->
12-->[androidx.biometric:biometric:1.1.0] AndroidManifest.xml:24:5-72
12-->[androidx.biometric:biometric:1.1.0] AndroidManifest.xml:24:22-69
13    <uses-permission android:name="android.permission.USE_FINGERPRINT" />
13-->[androidx.biometric:biometric:1.1.0] AndroidManifest.xml:27:5-74
13-->[androidx.biometric:biometric:1.1.0] AndroidManifest.xml:27:22-71
14    <uses-permission android:name="android.permission.ACCESS_NETWORK_STATE" />
14-->[com.google.firebase:firebase-auth:21.0.1] AndroidManifest.xml:24:5-79
14-->[com.google.firebase:firebase-auth:21.0.1] AndroidManifest.xml:24:22-76
15
16    <application
16-->src\main\AndroidManifest.xml:5:5-21:19
17        android:allowBackup="true"
17-->src\main\AndroidManifest.xml:6:9-35
18        android:appComponentFactory="androidx.core.app.CoreComponentFactory"
18-->[androidx.core:core:1.6.0] AndroidManifest.xml:24:18-86
19        android:debuggable="true"
20        android:icon="@mipmap/ic_launcher"
20-->src\main\AndroidManifest.xml:7:9-43
21        android:label="@string/app_name"
21-->src\main\AndroidManifest.xml:8:9-41
22        android:roundIcon="@mipmap/ic_launcher_round"
22-->src\main\AndroidManifest.xml:9:9-54
23        android:supportsRtl="true"
23-->src\main\AndroidManifest.xml:10:9-35
24        android:testOnly="true"
25        android:theme="@style/Theme.MyApplication" >
25-->src\main\AndroidManifest.xml:11:9-51
26        <activity
26-->src\main\AndroidManifest.xml:12:9-20:20
27            android:name="com.example.myapplication.UI.MainActivity"
27-->src\main\AndroidManifest.xml:13:13-44
28            android:exported="true" >
28-->src\main\AndroidManifest.xml:14:13-36
29            <intent-filter>
29-->src\main\AndroidManifest.xml:15:13-19:29
30                <action android:name="android.intent.action.MAIN" />
30-->src\main\AndroidManifest.xml:16:17-69
30-->src\main\AndroidManifest.xml:16:25-66
31
32                <category android:name="android.intent.category.LAUNCHER" />
32-->src\main\AndroidManifest.xml:18:17-77
32-->src\main\AndroidManifest.xml:18:27-74
33            </intent-filter>
34        </activity>
35        <activity
35-->[com.google.firebase:firebase-auth:21.0.1] AndroidManifest.xml:27:9-44:20
36            android:name="com.google.firebase.auth.internal.GenericIdpActivity"
36-->[com.google.firebase:firebase-auth:21.0.1] AndroidManifest.xml:28:13-80
37            android:excludeFromRecents="true"
37-->[com.google.firebase:firebase-auth:21.0.1] AndroidManifest.xml:29:13-46
38            android:exported="true"
38-->[com.google.firebase:firebase-auth:21.0.1] AndroidManifest.xml:30:13-36
39            android:launchMode="singleTask"
39-->[com.google.firebase:firebase-auth:21.0.1] AndroidManifest.xml:31:13-44
40            android:theme="@android:style/Theme.Translucent.NoTitleBar" >
40-->[com.google.firebase:firebase-auth:21.0.1] AndroidManifest.xml:32:13-72
41            <intent-filter>
41-->[com.google.firebase:firebase-auth:21.0.1] AndroidManifest.xml:33:13-43:29
42                <action android:name="android.intent.action.VIEW" />
42-->[com.google.firebase:firebase-auth:21.0.1] AndroidManifest.xml:34:17-69
42-->[com.google.firebase:firebase-auth:21.0.1] AndroidManifest.xml:34:25-66
43
44                <category android:name="android.intent.category.DEFAULT" />
44-->[com.google.firebase:firebase-auth:21.0.1] AndroidManifest.xml:36:17-76
44-->[com.google.firebase:firebase-auth:21.0.1] AndroidManifest.xml:36:27-73
45                <category android:name="android.intent.category.BROWSABLE" />
45-->[com.google.firebase:firebase-auth:21.0.1] AndroidManifest.xml:37:17-78
45-->[com.google.firebase:firebase-auth:21.0.1] AndroidManifest.xml:37:27-75
46
47                <data
47-->[com.google.firebase:firebase-auth:21.0.1] AndroidManifest.xml:39:17-42:51
48                    android:host="firebase.auth"
48-->[com.google.firebase:firebase-auth:21.0.1] AndroidManifest.xml:40:21-49
49                    android:path="/"
49-->[com.google.firebase:firebase-auth:21.0.1] AndroidManifest.xml:41:21-37
50                    android:scheme="genericidp" />
50-->[com.google.firebase:firebase-auth:21.0.1] AndroidManifest.xml:42:21-48
51            </intent-filter>
52        </activity>
53        <activity
53-->[com.google.firebase:firebase-auth:21.0.1] AndroidManifest.xml:45:9-62:20
54            android:name="com.google.firebase.auth.internal.RecaptchaActivity"
54-->[com.google.firebase:firebase-auth:21.0.1] AndroidManifest.xml:46:13-79
55            android:excludeFromRecents="true"
55-->[com.google.firebase:firebase-auth:21.0.1] AndroidManifest.xml:47:13-46
56            android:exported="true"
56-->[com.google.firebase:firebase-auth:21.0.1] AndroidManifest.xml:48:13-36
57            android:launchMode="singleTask"
57-->[com.google.firebase:firebase-auth:21.0.1] AndroidManifest.xml:49:13-44
58            android:theme="@android:style/Theme.Translucent.NoTitleBar" >
58-->[com.google.firebase:firebase-auth:21.0.1] AndroidManifest.xml:50:13-72
59            <intent-filter>
59-->[com.google.firebase:firebase-auth:21.0.1] AndroidManifest.xml:51:13-61:29
60                <action android:name="android.intent.action.VIEW" />
60-->[com.google.firebase:firebase-auth:21.0.1] AndroidManifest.xml:34:17-69
60-->[com.google.firebase:firebase-auth:21.0.1] AndroidManifest.xml:34:25-66
61
62                <category android:name="android.intent.category.DEFAULT" />
62-->[com.google.firebase:firebase-auth:21.0.1] AndroidManifest.xml:36:17-76
62-->[com.google.firebase:firebase-auth:21.0.1] AndroidManifest.xml:36:27-73
63                <category android:name="android.intent.category.BROWSABLE" />
63-->[com.google.firebase:firebase-auth:21.0.1] AndroidManifest.xml:37:17-78
63-->[com.google.firebase:firebase-auth:21.0.1] AndroidManifest.xml:37:27-75
64
65                <data
65-->[com.google.firebase:firebase-auth:21.0.1] AndroidManifest.xml:39:17-42:51
66                    android:host="firebase.auth"
66-->[com.google.firebase:firebase-auth:21.0.1] AndroidManifest.xml:40:21-49
67                    android:path="/"
67-->[com.google.firebase:firebase-auth:21.0.1] AndroidManifest.xml:41:21-37
68                    android:scheme="recaptcha" />
68-->[com.google.firebase:firebase-auth:21.0.1] AndroidManifest.xml:42:21-48
69            </intent-filter>
70        </activity>
71
72        <service
72-->[com.google.firebase:firebase-auth:21.0.1] AndroidManifest.xml:64:9-73:19
73            android:name="com.google.firebase.auth.api.fallback.service.FirebaseAuthFallbackService"
73-->[com.google.firebase:firebase-auth:21.0.1] AndroidManifest.xml:65:13-101
74            android:enabled="true"
74-->[com.google.firebase:firebase-auth:21.0.1] AndroidManifest.xml:66:13-35
75            android:exported="false" >
75-->[com.google.firebase:firebase-auth:21.0.1] AndroidManifest.xml:67:13-37
76            <intent-filter>
76-->[com.google.firebase:firebase-auth:21.0.1] AndroidManifest.xml:68:13-72:29
77                <action android:name="com.google.firebase.auth.api.gms.service.START" />
77-->[com.google.firebase:firebase-auth:21.0.1] AndroidManifest.xml:69:17-89
77-->[com.google.firebase:firebase-auth:21.0.1] AndroidManifest.xml:69:25-86
78
79                <category android:name="android.intent.category.DEFAULT" />
79-->[com.google.firebase:firebase-auth:21.0.1] AndroidManifest.xml:36:17-76
79-->[com.google.firebase:firebase-auth:21.0.1] AndroidManifest.xml:36:27-73
80            </intent-filter>
81        </service>
82        <service
82-->[com.google.firebase:firebase-auth:21.0.1] AndroidManifest.xml:74:9-80:19
83            android:name="com.google.firebase.components.ComponentDiscoveryService"
83-->[com.google.firebase:firebase-auth:21.0.1] AndroidManifest.xml:75:13-84
84            android:directBootAware="true"
84-->[com.google.firebase:firebase-common:20.0.0] AndroidManifest.xml:35:13-43
85            android:exported="false" >
85-->[com.google.firebase:firebase-auth:21.0.1] AndroidManifest.xml:76:13-37
86            <meta-data
86-->[com.google.firebase:firebase-auth:21.0.1] AndroidManifest.xml:77:13-79:85
87                android:name="com.google.firebase.components:com.google.firebase.auth.FirebaseAuthRegistrar"
87-->[com.google.firebase:firebase-auth:21.0.1] AndroidManifest.xml:78:17-109
88                android:value="com.google.firebase.components.ComponentRegistrar" />
88-->[com.google.firebase:firebase-auth:21.0.1] AndroidManifest.xml:79:17-82
89        </service>
90
91        <activity
91-->[com.google.android.gms:play-services-auth:19.2.0] AndroidManifest.xml:23:9-27:75
92            android:name="com.google.android.gms.auth.api.signin.internal.SignInHubActivity"
92-->[com.google.android.gms:play-services-auth:19.2.0] AndroidManifest.xml:24:13-93
93            android:excludeFromRecents="true"
93-->[com.google.android.gms:play-services-auth:19.2.0] AndroidManifest.xml:25:13-46
94            android:exported="false"
94-->[com.google.android.gms:play-services-auth:19.2.0] AndroidManifest.xml:26:13-37
95            android:theme="@android:style/Theme.Translucent.NoTitleBar" />
95-->[com.google.android.gms:play-services-auth:19.2.0] AndroidManifest.xml:27:13-72
96        <!--
97            Service handling Google Sign-In user revocation. For apps that do not integrate with
98            Google Sign-In, this service will never be started.
99        -->
100        <service
100-->[com.google.android.gms:play-services-auth:19.2.0] AndroidManifest.xml:33:9-37:51
101            android:name="com.google.android.gms.auth.api.signin.RevocationBoundService"
101-->[com.google.android.gms:play-services-auth:19.2.0] AndroidManifest.xml:34:13-89
102            android:exported="true"
102-->[com.google.android.gms:play-services-auth:19.2.0] AndroidManifest.xml:35:13-36
103            android:permission="com.google.android.gms.auth.api.signin.permission.REVOCATION_NOTIFICATION"
103-->[com.google.android.gms:play-services-auth:19.2.0] AndroidManifest.xml:36:13-107
104            android:visibleToInstantApps="true" />
104-->[com.google.android.gms:play-services-auth:19.2.0] AndroidManifest.xml:37:13-48
105
106        <activity
106-->[com.google.android.gms:play-services-base:17.5.0] AndroidManifest.xml:23:9-26:75
107            android:name="com.google.android.gms.common.api.GoogleApiActivity"
107-->[com.google.android.gms:play-services-base:17.5.0] AndroidManifest.xml:24:13-79
108            android:exported="false"
108-->[com.google.android.gms:play-services-base:17.5.0] AndroidManifest.xml:25:13-37
109            android:theme="@android:style/Theme.Translucent.NoTitleBar" />
109-->[com.google.android.gms:play-services-base:17.5.0] AndroidManifest.xml:26:13-72
110
111        <provider
111-->[com.google.firebase:firebase-common:20.0.0] AndroidManifest.xml:26:9-31:39
112            android:name="com.google.firebase.provider.FirebaseInitProvider"
112-->[com.google.firebase:firebase-common:20.0.0] AndroidManifest.xml:27:13-77
113            android:authorities="com.example.myapplication.firebaseinitprovider"
113-->[com.google.firebase:firebase-common:20.0.0] AndroidManifest.xml:28:13-72
114            android:directBootAware="true"
114-->[com.google.firebase:firebase-common:20.0.0] AndroidManifest.xml:29:13-43
115            android:exported="false"
115-->[com.google.firebase:firebase-common:20.0.0] AndroidManifest.xml:30:13-37
116            android:initOrder="100" />
116-->[com.google.firebase:firebase-common:20.0.0] AndroidManifest.xml:31:13-36
117
118        <meta-data
118-->[com.google.android.gms:play-services-basement:17.5.0] AndroidManifest.xml:23:9-25:69
119            android:name="com.google.android.gms.version"
119-->[com.google.android.gms:play-services-basement:17.5.0] AndroidManifest.xml:24:13-58
120            android:value="@integer/google_play_services_version" />
120-->[com.google.android.gms:play-services-basement:17.5.0] AndroidManifest.xml:25:13-66
121
122        <provider
122-->[androidx.lifecycle:lifecycle-process:2.2.0] AndroidManifest.xml:25:9-29:43
123            android:name="androidx.lifecycle.ProcessLifecycleOwnerInitializer"
123-->[androidx.lifecycle:lifecycle-process:2.2.0] AndroidManifest.xml:26:13-79
124            android:authorities="com.example.myapplication.lifecycle-process"
124-->[androidx.lifecycle:lifecycle-process:2.2.0] AndroidManifest.xml:27:13-69
125            android:exported="false"
125-->[androidx.lifecycle:lifecycle-process:2.2.0] AndroidManifest.xml:28:13-37
126            android:multiprocess="true" />
126-->[androidx.lifecycle:lifecycle-process:2.2.0] AndroidManifest.xml:29:13-40
127
128        <service
128-->[androidx.room:room-runtime:2.3.0] AndroidManifest.xml:25:9-28:40
129            android:name="androidx.room.MultiInstanceInvalidationService"
129-->[androidx.room:room-runtime:2.3.0] AndroidManifest.xml:26:13-74
130            android:directBootAware="true"
130-->[androidx.room:room-runtime:2.3.0] AndroidManifest.xml:27:13-43
131            android:exported="false" />
131-->[androidx.room:room-runtime:2.3.0] AndroidManifest.xml:28:13-37
132    </application>
133
134</manifest>